<?xml version="1.0" encoding="UTF-8"?>
<testsuite xmlns:xsi="http://www.w3.org/2001/XMLSchema-instance" xsi:noNamespaceSchemaLocation="https://maven.apache.org/surefire/maven-surefire-plugin/xsd/surefire-test-report-3.0.xsd" version="3.0" name="com.app.utils.JsonUtilTest" time="1.551" tests="6" errors="0" skipped="0" failures="0">
  <properties>
[...]
</properties>
  <testcase name="testJsonToObject" classname="com.app.utils.JsonUtilTest" time="1.365"/>
  <testcase name="testWriteToStream" classname="com.app.utils.JsonUtilTest" time="0.067"/>
  <testcase name="testInvalidJson" classname="com.app.utils.JsonUtilTest" time="0.006"/>
  <testcase name="testObjectToJson" classname="com.app.utils.JsonUtilTest" time="0.006"/>
  <testcase name="testNullChecks" classname="com.app.utils.JsonUtilTest" time="0.006"/>
  <testcase name="testReadFromStream" classname="com.app.utils.JsonUtilTest" time="0.024"/>
</testsuite>